<?xml version="1.0" encoding="UTF-8" ?>
<testsuite errors="0" failures="0" hostname="MK04" name="at.erceg_kritzl.pi_calculator.tests.TestCalculatorAlgorithm" tests="2" time="0.075" timestamp="2015-01-14T20:05:15">
  <properties>
[...]
</properties>
  <testcase classname="at.erceg_kritzl.pi_calculator.tests.TestCalculatorAlgorithm" name="testGetShortPi" time="0.005" />
  <testcase classname="at.erceg_kritzl.pi_calculator.tests.TestCalculatorAlgorithm" name="testGetLongPi" time="0.001" />
  <system-out><![CDATA[]]></system-out>
  <system-err><![CDATA[]]></system-err>
</testsuite>
